15:19:00 28/09/23 WARNING ReferenceError: hello is not defined
    at lookup (file:///C:/Users/hieul/CTH/cth-azvocab-tool/LabanDictScraper2.js:89:20)
    at eventLoopTick (ext:core/01_core.js:183:11)
    at async scan (file:///C:/Users/hieul/CTH/cth-azvocab-tool/LabanDictScraper2.js:120:5)
15:19:00 28/09/23 INFO DONE!
15:19:25 28/09/23 WARNING ReferenceError: hello is not defined
    at lookup (file:///C:/Users/hieul/CTH/cth-azvocab-tool/LabanDictScraper2.js:89:20)
    at eventLoopTick (ext:core/01_core.js:183:11)
    at async scan (file:///C:/Users/hieul/CTH/cth-azvocab-tool/LabanDictScraper2.js:117:5)
15:19:25 28/09/23 INFO DONE!
15:19:49 28/09/23 INFO DONE!
15:21:18 28/09/23 INFO DONE!
15:22:07 28/09/23 INFO DONE!
15:23:17 28/09/23 INFO DONE!
15:27:35 28/09/23 INFO DONE!
15:28:25 28/09/23 INFO DONE!
15:28:49 28/09/23 INFO DONE!
15:42:31 28/09/23 WARNING TypeError: x.querySeclector is not a function
    at lookup (file:///C:/Users/hieul/CTH/cth-azvocab-tool/LabanDictScraper2.js:93:17)
    at eventLoopTick (ext:core/01_core.js:183:11)
    at async scan (file:///C:/Users/hieul/CTH/cth-azvocab-tool/LabanDictScraper2.js:120:5)
15:42:31 28/09/23 INFO DONE!
15:45:36 28/09/23 INFO DONE!
15:46:27 28/09/23 INFO DONE!
15:47:18 28/09/23 INFO DONE!
15:49:16 28/09/23 INFO DONE!
15:49:25 28/09/23 INFO DONE!
15:55:00 28/09/23 INFO DONE!
15:55:11 28/09/23 INFO DONE!
15:55:50 28/09/23 INFO DONE!
15:56:27 28/09/23 INFO DONE!
15:57:10 28/09/23 INFO DONE!
15:57:21 28/09/23 INFO DONE!
16:44:43 28/09/23 WARNING ReferenceError: listDef is not defined
    at lookup (file:///C:/Users/hieul/CTH/cth-azvocab-tool/LabanDictScraper2.js:98:25)
    at eventLoopTick (ext:core/01_core.js:183:11)
    at async scan (file:///C:/Users/hieul/CTH/cth-azvocab-tool/LabanDictScraper2.js:112:5)
16:44:43 28/09/23 INFO DONE!
16:44:59 28/09/23 INFO DONE!
16:46:16 28/09/23 WARNING ReferenceError: doc is not defined
    at getDefinitionsByType (file:///C:/Users/hieul/CTH/cth-azvocab-tool/LabanDictScraper2.js:143:23)
    at lookup (file:///C:/Users/hieul/CTH/cth-azvocab-tool/LabanDictScraper2.js:97:21)
    at eventLoopTick (ext:core/01_core.js:183:11)
    at async scan (file:///C:/Users/hieul/CTH/cth-azvocab-tool/LabanDictScraper2.js:115:5)
16:46:16 28/09/23 INFO DONE!
16:47:12 28/09/23 INFO DONE!
16:48:48 28/09/23 INFO DONE!
16:49:36 28/09/23 INFO DONE!
16:50:23 28/09/23 INFO DONE!
16:50:29 28/09/23 INFO DONE!
16:59:57 28/09/23 INFO DONE!
17:01:48 28/09/23 INFO DONE!
17:02:14 28/09/23 INFO DONE!
17:04:08 28/09/23 INFO DONE!
17:05:05 28/09/23 INFO DONE!
17:05:13 28/09/23 INFO DONE!
17:15:01 28/09/23 INFO DONE!
17:15:38 28/09/23 WARNING TypeError: Assignment to constant variable.
    at lookup (file:///C:/Users/hieul/CTH/cth-azvocab-tool/LabanDictScraper2.js:100:22)
    at eventLoopTick (ext:core/01_core.js:183:11)
    at async scan (file:///C:/Users/hieul/CTH/cth-azvocab-tool/LabanDictScraper2.js:120:5)
17:15:38 28/09/23 INFO DONE!
17:16:09 28/09/23 INFO DONE!
17:16:38 28/09/23 INFO DONE!
17:22:32 28/09/23 INFO DONE!
17:24:47 28/09/23 INFO DONE!
17:33:09 28/09/23 WARNING ReferenceError: i is not defined
    at file:///C:/Users/hieul/CTH/cth-azvocab-tool/LabanDictScraper2.js:111:33
    at Array.forEach (<anonymous>)
    at lookup (file:///C:/Users/hieul/CTH/cth-azvocab-tool/LabanDictScraper2.js:110:14)
    at eventLoopTick (ext:core/01_core.js:183:11)
    at async scan (file:///C:/Users/hieul/CTH/cth-azvocab-tool/LabanDictScraper2.js:134:5)
17:33:09 28/09/23 INFO DONE!
17:33:20 28/09/23 INFO DONE!
17:34:21 28/09/23 INFO DONE!
17:34:52 28/09/23 INFO DONE!
17:35:15 28/09/23 INFO DONE!
17:35:29 28/09/23 INFO DONE!
17:35:41 28/09/23 INFO DONE!
17:36:27 28/09/23 INFO DONE!
17:36:49 28/09/23 INFO DONE!
17:40:30 28/09/23 INFO DONE!
17:43:03 28/09/23 INFO DONE!
17:43:47 28/09/23 INFO DONE!
