09:43:39, 30/12/22 WARNING Read lemmas file C:/Users/thangqm/My Workspace/AzVocab/sample.json error: The system cannot find the file specified. (os error 2)
09:43:40, 30/12/22 INFO Found 0 lemmas
09:43:40, 30/12/22 INFO Begining parser ...
09:43:40, 30/12/22 INFO DONE!
09:44:27, 30/12/22 WARNING Read lemmas file C:/Users/thangqm/My Workspace/AzVocab/cth-azvocab-tool/sample.json error: The system cannot find the path specified. (os error 3)
09:44:27, 30/12/22 INFO Found 0 lemmas
09:44:27, 30/12/22 INFO Begining parser ...
09:44:27, 30/12/22 INFO DONE!
09:45:07, 30/12/22 INFO Loaded 120 lemmas of file C:/Users/thangqm/My Workspace/cth-azvocab-tool/sample.json
09:45:07, 30/12/22 WARNING Read lemmas file C:/Users/thangqm/My Workspace/cth-azvocab-tool/sample.json error: lmCnt is not defined
09:45:07, 30/12/22 INFO Found 0 lemmas
09:45:07, 30/12/22 INFO Begining parser ...
09:45:07, 30/12/22 INFO DONE!
09:45:37, 30/12/22 INFO Loaded 120 lemmas of file C:/Users/thangqm/My Workspace/cth-azvocab-tool/sample.json
09:45:37, 30/12/22 INFO Found 0 lemmas
09:45:37, 30/12/22 INFO Begining parser ...
09:45:37, 30/12/22 INFO DONE!
09:46:25, 30/12/22 INFO Loaded 120 lemmas of file C:/Users/thangqm/My Workspace/cth-azvocab-tool/sample.json
09:46:25, 30/12/22 INFO Found 120 lemmas
09:46:25, 30/12/22 INFO Begining parser ...
09:46:25, 30/12/22 INFO DONE!
09:53:42, 30/12/22 INFO Loaded 120 lemmas of file C:/Users/thangqm/My Workspace/cth-azvocab-tool/sample.json
09:53:43, 30/12/22 INFO Begining parser ...
09:53:43, 30/12/22 INFO DONE!
09:55:04, 30/12/22 INFO Loaded 120 lemmas of file C:/Users/thangqm/My Workspace/cth-azvocab-tool/sample.json
09:55:04, 30/12/22 INFO Begining parser ...
09:55:04, 30/12/22 INFO DONE!
09:55:22, 30/12/22 INFO Loaded 120 lemmas of file C:/Users/thangqm/My Workspace/cth-azvocab-tool/sample.json
09:55:22, 30/12/22 INFO Begining parser ...
09:55:22, 30/12/22 INFO DONE!
10:13:52, 30/12/22 INFO Loaded 120 lemmas of file C:/Users/thangqm/My Workspace/cth-azvocab-tool/sample.json
10:13:52, 30/12/22 INFO Begining parser ...
10:13:52, 30/12/22 INFO DONE!
10:14:25, 30/12/22 INFO Loaded 120 lemmas of file C:/Users/thangqm/My Workspace/cth-azvocab-tool/sample.json
10:14:25, 30/12/22 INFO Begining parser ...
10:14:25, 30/12/22 INFO DONE!
11:55:55, 30/12/22 INFO Loaded 120 lemmas of file C:/Users/thangqm/My Workspace/cth-azvocab-tool/sample.json
11:55:55, 30/12/22 INFO Begining parser ...
11:55:55, 30/12/22 INFO DONE!
11:56:11, 30/12/22 INFO Loaded 120 lemmas of file C:/Users/thangqm/My Workspace/cth-azvocab-tool/sample.json
11:56:11, 30/12/22 INFO Begining parser ...
11:56:11, 30/12/22 INFO DONE!
11:56:25, 30/12/22 INFO Loaded 120 lemmas of file C:/Users/thangqm/My Workspace/cth-azvocab-tool/sample.json
11:56:25, 30/12/22 INFO Begining parser ...
11:56:25, 30/12/22 INFO DONE!
11:58:24, 30/12/22 INFO Loaded 120 lemmas of file C:/Users/thangqm/My Workspace/cth-azvocab-tool/sample.json
11:58:24, 30/12/22 INFO Begining parser ...
11:58:24, 30/12/22 INFO DONE!
11:59:15, 30/12/22 INFO Loaded 120 lemmas of file C:/Users/thangqm/My Workspace/cth-azvocab-tool/sample.json
11:59:15, 30/12/22 INFO Begining parser ...
11:59:15, 30/12/22 INFO DONE!
12:01:42, 30/12/22 INFO Loaded 120 lemmas of file C:/Users/thangqm/My Workspace/cth-azvocab-tool/sample.json
12:01:42, 30/12/22 INFO Begining parser ...
12:01:42, 30/12/22 INFO DONE!
13:37:53, 30/12/22 INFO Loaded 120 lemmas of file C:/Users/thangqm/My Workspace/cth-azvocab-tool/sample.json
13:37:53, 30/12/22 INFO Begining parser ...
13:37:53, 30/12/22 INFO DONE!
13:40:24, 30/12/22 INFO Loaded 120 lemmas of file C:/Users/thangqm/My Workspace/cth-azvocab-tool/sample.json
13:40:24, 30/12/22 INFO Begining parser ...
13:40:24, 30/12/22 INFO DONE!
13:41:16, 30/12/22 INFO Loaded 120 lemmas of file C:/Users/thangqm/My Workspace/cth-azvocab-tool/sample.json
13:41:16, 30/12/22 INFO Begining parser ...
13:41:16, 30/12/22 INFO DONE!
13:42:16, 30/12/22 INFO Loaded 120 lemmas of file C:/Users/thangqm/My Workspace/cth-azvocab-tool/sample.json
13:42:16, 30/12/22 INFO Begining parser ...
13:42:16, 30/12/22 INFO DONE!
13:45:46, 30/12/22 INFO Loaded 120 lemmas of file C:/Users/thangqm/My Workspace/cth-azvocab-tool/sample.json
13:45:46, 30/12/22 INFO Begining parser ...
13:45:46, 30/12/22 INFO DONE!
14:01:31, 30/12/22 INFO Loaded 120 lemmas of file C:/Users/thangqm/My Workspace/cth-azvocab-tool/sample.json
14:01:31, 30/12/22 INFO Begining parser ...
14:01:31, 30/12/22 INFO DONE!
14:02:14, 30/12/22 INFO Loaded 120 lemmas of file C:/Users/thangqm/My Workspace/cth-azvocab-tool/sample.json
14:02:14, 30/12/22 INFO Begining parser ...
14:02:14, 30/12/22 INFO DONE!
14:04:41, 30/12/22 INFO Loaded 120 lemmas of file C:/Users/thangqm/My Workspace/cth-azvocab-tool/sample.json
14:04:41, 30/12/22 INFO Begining parser ...
14:04:41, 30/12/22 INFO DONE!
14:10:54, 30/12/22 INFO Loaded 120 lemmas of file C:/Users/thangqm/My Workspace/cth-azvocab-tool/sample.json
14:10:54, 30/12/22 INFO Begining parser ...
14:10:54, 30/12/22 INFO Parsed 10 lemmas, vi count: 9
14:10:54, 30/12/22 INFO DONE!
14:13:39, 30/12/22 INFO Loaded 120 lemmas of file C:/Users/thangqm/My Workspace/cth-azvocab-tool/sample.json
14:13:39, 30/12/22 INFO Begining parser ...
14:13:39, 30/12/22 INFO Parsed 10 lemmas, vi count: 9
14:13:39, 30/12/22 INFO DONE!
14:16:00, 30/12/22 INFO Loaded 120 lemmas of file C:/Users/thangqm/My Workspace/cth-azvocab-tool/sample.json
14:16:00, 30/12/22 INFO Begining parser ...
14:16:00, 30/12/22 INFO Parsed 10 lemmas, vi count: 10
14:16:00, 30/12/22 INFO DONE!
14:19:57, 30/12/22 INFO Loaded 120 lemmas of file C:/Users/thangqm/My Workspace/cth-azvocab-tool/sample.json
14:19:57, 30/12/22 INFO Begining parser ...
14:19:58, 30/12/22 INFO Parsed 10 lemmas, vi count: 10
14:19:58, 30/12/22 INFO DONE!
14:26:58, 30/12/22 INFO Loaded 120 lemmas of file C:/Users/thangqm/My Workspace/cth-azvocab-tool/sample.json
14:26:58, 30/12/22 INFO Begining parser ...
14:26:58, 30/12/22 INFO Parsed 10 lemmas, vi count: 10
14:26:58, 30/12/22 INFO DONE!
14:28:17, 30/12/22 INFO Loaded 120 lemmas of file C:/Users/thangqm/My Workspace/cth-azvocab-tool/sample.json
14:28:17, 30/12/22 INFO Begining parser ...
14:28:17, 30/12/22 INFO Parsed 10 lemmas, vi count: 10
14:28:17, 30/12/22 INFO DONE!
14:31:20, 30/12/22 INFO Loaded 120 lemmas of file C:/Users/thangqm/My Workspace/cth-azvocab-tool/sample.json
14:31:20, 30/12/22 INFO Begining parser ...
14:31:20, 30/12/22 INFO Parsed 120 lemmas, vi count: 118
14:31:20, 30/12/22 INFO DONE!
14:31:46, 30/12/22 INFO Loaded 84487 lemmas of file C:/Users/thangqm/My Workspace/cth-azvocab-tool/lemmas_laban.json
14:31:46, 30/12/22 INFO Begining parser ...
14:32:08, 30/12/22 INFO Parsed 84487 lemmas, vi count: 37536
14:32:08, 30/12/22 INFO DONE!
14:34:43, 30/12/22 INFO Loaded 84487 lemmas of file C:/Users/thangqm/My Workspace/cth-azvocab-tool/lemmas_laban.json
14:34:43, 30/12/22 INFO Begining parser ...
14:34:47, 30/12/22 INFO Parsed 84487 lemmas, vi count: 37536
14:34:48, 30/12/22 INFO DONE!
14:35:57, 30/12/22 INFO Loaded 84487 lemmas of file C:/Users/thangqm/My Workspace/cth-azvocab-tool/lemmas_laban.json
14:35:57, 30/12/22 INFO Begining parser ...
14:36:01, 30/12/22 INFO Parsed 84487 lemmas, vi count: 36787
14:36:02, 30/12/22 INFO DONE!
14:43:29, 30/12/22 INFO Loaded 84487 lemmas of file C:/Users/thangqm/My Workspace/cth-azvocab-tool/lemmas_laban.json
14:43:29, 30/12/22 INFO Begining parser ...
14:43:33, 30/12/22 INFO Parsed 84487 lemmas, vi count: 36787, error count: 2097
14:43:33, 30/12/22 INFO DONE!
14:52:03, 30/12/22 INFO Loaded 84487 lemmas of file C:/Users/thangqm/My Workspace/cth-azvocab-tool/lemmas_laban.json
14:52:03, 30/12/22 INFO Begining parser ...
14:52:07, 30/12/22 INFO Parsed 84487 lemmas, vi count: 37554, error count: 1330
14:52:07, 30/12/22 INFO DONE!
15:05:11, 30/12/22 INFO Loaded 84487 lemmas of file C:/Users/thangqm/My Workspace/cth-azvocab-tool/lemmas_laban.json
15:05:11, 30/12/22 INFO Begining parser ...
15:05:15, 30/12/22 INFO Parsed 84487 lemmas, vi count: 38877, error count: 7
15:05:16, 30/12/22 INFO DONE!
15:11:06, 30/12/22 INFO Loaded 84487 lemmas of file C:/Users/thangqm/My Workspace/cth-azvocab-tool/lemmas_laban.json
15:11:06, 30/12/22 INFO Begining parser ...
15:11:10, 30/12/22 INFO Parsed 84487 lemmas, vi count: 38877, error count: 7
15:11:10, 30/12/22 INFO DONE!
15:12:21, 30/12/22 INFO Loaded 84487 lemmas of file C:/Users/thangqm/My Workspace/cth-azvocab-tool/lemmas_laban.json
15:12:21, 30/12/22 INFO Begining parser ...
15:12:24, 30/12/22 INFO Parsed 84487 lemmas, vi count: 38877, error count: 7
15:12:25, 30/12/22 INFO DONE!
15:12:48, 30/12/22 INFO Loaded 84487 lemmas of file C:/Users/thangqm/My Workspace/cth-azvocab-tool/lemmas_laban.json
15:12:48, 30/12/22 INFO Begining parser ...
15:12:51, 30/12/22 INFO Parsed 84487 lemmas, vi count: 38877, error count: 7
15:12:51, 30/12/22 INFO DONE!
15:17:47, 30/12/22 INFO Loaded 84487 lemmas of file C:/Users/thangqm/My Workspace/cth-azvocab-tool/lemmas_laban.json
15:17:47, 30/12/22 INFO Begining parser ...
15:17:50, 30/12/22 INFO Parsed 84487 lemmas, vi count: 38877, error count: 7
15:17:51, 30/12/22 INFO DONE!
15:19:43, 30/12/22 INFO Loaded 84487 lemmas of file C:/Users/thangqm/My Workspace/cth-azvocab-tool/lemmas_laban.json
15:19:43, 30/12/22 INFO Begining parser ...
15:19:46, 30/12/22 INFO Parsed 84487 lemmas, vi count: 38877, error count: 7
15:19:46, 30/12/22 INFO DONE!
15:22:06, 30/12/22 INFO Loaded 84487 lemmas of file C:/Users/thangqm/My Workspace/cth-azvocab-tool/lemmas_laban.json
15:22:06, 30/12/22 INFO Begining parser ...
15:22:09, 30/12/22 INFO Parsed 84487 lemmas, vi count: 38884, error count: 0
15:22:09, 30/12/22 INFO DONE!
15:25:19, 30/12/22 INFO Loaded 84487 lemmas of file C:/Users/thangqm/My Workspace/cth-azvocab-tool/lemmas_laban.json
15:25:19, 30/12/22 INFO Begining parser ...
15:25:22, 30/12/22 INFO Parsed 84487 lemmas, vi count: 38884, error count: 0
15:25:23, 30/12/22 INFO DONE!
15:35:24, 30/12/22 INFO Loaded 84487 lemmas of file C:/Users/thangqm/My Workspace/cth-azvocab-tool/lemmas_laban.json
15:35:24, 30/12/22 INFO Begining parser ...
15:35:28, 30/12/22 INFO Parsed 84487 lemmas, vi count: 38884, error count: 0
15:35:28, 30/12/22 INFO DONE!
15:41:47, 30/12/22 INFO Loaded 84487 lemmas of file C:/Users/thangqm/My Workspace/cth-azvocab-tool/lemmas_laban.json
15:41:47, 30/12/22 INFO Begining parser ...
15:41:51, 30/12/22 INFO Parsed 84487 lemmas, vi count: 38884, error count: 0
15:41:51, 30/12/22 INFO DONE!
15:45:48, 30/12/22 INFO Loaded 84487 lemmas of file C:/Users/thangqm/My Workspace/cth-azvocab-tool/lemmas_laban.json
15:45:48, 30/12/22 INFO Begining parser ...
15:45:52, 30/12/22 INFO Parsed 84487 lemmas, vi count: 38883, error count: 1
15:45:52, 30/12/22 INFO DONE!
15:46:03, 30/12/22 INFO Loaded 84487 lemmas of file C:/Users/thangqm/My Workspace/cth-azvocab-tool/lemmas_laban.json
15:46:03, 30/12/22 INFO Begining parser ...
15:46:07, 30/12/22 INFO Parsed 84487 lemmas, vi count: 38884, error count: 0
15:46:07, 30/12/22 INFO DONE!
15:47:16, 30/12/22 INFO Loaded 84487 lemmas of file C:/Users/thangqm/My Workspace/cth-azvocab-tool/lemmas_laban.json
15:47:16, 30/12/22 INFO Begining parser ...
15:47:19, 30/12/22 INFO Parsed 84487 lemmas, vi count: 38884, error count: 0
15:47:19, 30/12/22 INFO DONE!
15:57:06, 30/12/22 INFO Loaded 84487 lemmas of file C:/Users/thangqm/My Workspace/cth-azvocab-tool/lemmas_laban.json
15:57:06, 30/12/22 INFO Begining parser ...
15:57:10, 30/12/22 INFO Parsed 84487 lemmas, vi count: 38884, error count: 0
15:57:10, 30/12/22 INFO DONE!
15:57:46, 30/12/22 INFO Loaded 84487 lemmas of file C:/Users/thangqm/My Workspace/cth-azvocab-tool/lemmas_laban.json
15:57:46, 30/12/22 INFO Begining parser ...
15:57:49, 30/12/22 INFO Parsed 84487 lemmas, vi count: 38884, error count: 0
15:57:50, 30/12/22 INFO DONE!
16:03:24, 30/12/22 INFO Loaded 84487 lemmas of file C:/Users/thangqm/My Workspace/cth-azvocab-tool/lemmas_laban.json
16:03:24, 30/12/22 INFO Begining parser ...
16:03:27, 30/12/22 INFO Parsed 84487 lemmas, vi count: 38884, error count: 0
16:03:27, 30/12/22 INFO DONE!
16:04:48, 30/12/22 INFO Loaded 84487 lemmas of file C:/Users/thangqm/My Workspace/cth-azvocab-tool/lemmas_laban.json
16:04:48, 30/12/22 INFO Begining parser ...
16:04:51, 30/12/22 INFO Parsed 84487 lemmas, vi count: 38884, error count: 0
16:04:51, 30/12/22 INFO DONE!
16:12:24, 30/12/22 INFO Loaded 84487 lemmas of file C:/Users/thangqm/My Workspace/cth-azvocab-tool/lemmas_laban.json
16:12:24, 30/12/22 INFO Begining parser ...
16:12:28, 30/12/22 INFO Parsed 84487 lemmas, vi count: 38884, error count: 0
16:12:28, 30/12/22 INFO DONE!
16:16:18, 30/12/22 INFO Loaded 84487 lemmas of file C:/Users/thangqm/My Workspace/cth-azvocab-tool/lemmas_laban.json
16:16:18, 30/12/22 INFO Begining parser ...
16:16:21, 30/12/22 INFO Parsed 84487 lemmas, vi count: 38884, error count: 0
16:16:22, 30/12/22 INFO DONE!
16:18:11, 30/12/22 INFO Loaded 84487 lemmas of file C:/Users/thangqm/My Workspace/cth-azvocab-tool/lemmas_laban.json
16:18:11, 30/12/22 INFO Begining parser ...
16:18:15, 30/12/22 INFO Parsed 84487 lemmas, vi count: 38884, error count: 0
16:18:15, 30/12/22 INFO DONE!
16:20:22, 30/12/22 INFO Loaded 84487 lemmas of file C:/Users/thangqm/My Workspace/cth-azvocab-tool/lemmas_laban.json
16:20:22, 30/12/22 INFO Begining parser ...
16:20:26, 30/12/22 INFO Parsed 84487 lemmas, vi count: 38884, error count: 0
16:20:26, 30/12/22 INFO DONE!
16:38:34, 30/12/22 INFO Loaded 84487 lemmas of file C:/Users/thangqm/My Workspace/cth-azvocab-tool/lemmas_laban.json
16:38:34, 30/12/22 INFO Begining parser ...
16:38:38, 30/12/22 INFO Parsed 84487 lemmas, vi count: 38884, error count: 0
16:38:38, 30/12/22 INFO DONE!
16:40:07, 30/12/22 INFO Loaded 84487 lemmas of file C:/Users/thangqm/My Workspace/cth-azvocab-tool/lemmas_laban.json
16:40:07, 30/12/22 INFO Begining parser ...
16:40:11, 30/12/22 INFO Parsed 84487 lemmas, vi count: 38884, error count: 0
16:40:35, 30/12/22 INFO DONE!
16:41:55, 30/12/22 INFO Loaded 84487 lemmas of file C:/Users/thangqm/My Workspace/cth-azvocab-tool/lemmas_laban.json
16:41:55, 30/12/22 INFO Begining parser ...
16:41:59, 30/12/22 INFO Parsed 84487 lemmas, vi count: 38884, error count: 0
16:42:56, 30/12/22 INFO DONE!
17:06:14, 30/12/22 INFO Loaded 84487 lemmas of file C:/Users/thangqm/My Workspace/cth-azvocab-tool/lemmas_laban.json
17:06:14, 30/12/22 INFO Begining parser ...
17:06:14, 30/12/22 INFO Parsed 100 lemmas, vi count: 98, error count: 0
17:06:14, 30/12/22 INFO DONE!
17:07:11, 30/12/22 INFO Loaded 84487 lemmas of file C:/Users/thangqm/My Workspace/cth-azvocab-tool/lemmas_laban.json
17:07:11, 30/12/22 INFO Begining parser ...
17:07:15, 30/12/22 INFO Parsed 84487 lemmas, vi count: 38884, error count: 0
17:08:14, 30/12/22 INFO DONE!
